46
1 8 9 18 
1 8 10 20 
1 8 11 19 
1 8 12 20 
1 8 13 19 
1 8 14 19 
1 8 15 20 
1 8 17 19 
1 8 16 19 
0 7 16 20 
0 6 9 19 
0 5 10 18 
0 5 11 20 
0 8 12 18 
0 5 13 20 
0 5 14 20 
0 5 15 19 
0 5 17 20 
2 5 9 20 
2 7 10 19 
2 6 11 18 
2 5 12 19 
2 8 13 18 
2 6 14 18 
2 6 15 18 
2 7 17 18 
3 7 9 19 
3 6 10 20 
3 7 11 18 
3 6 12 18 
3 8 13 18 
3 7 14 18 
3 5 15 18 
3 6 17 18 
4 8 9 19 
4 5 10 20 
4 6 11 18 
4 7 12 18 
4 6 13 18 
4 5 14 18 
4 7 15 18 
4 5 17 18 
2 6 16 18 
3 5 16 18 
4 5 16 18 
0 7 13 18 
